<?xml version="1.0" encoding="utf-8"?><testsuites><testsuite name="pytest" errors="0" failures="0" skipped="0" tests="9" time="177.077" timestamp="2022-01-18T17:19:06.464038" hostname="DESKTOP-0A1O8AR"><testcase classname="test_mainclass.Test_mainclass" name="test_URLValue" time="32.316" /><testcase classname="test_mainclass.Test_mainclass" name="test_setURL" time="10.721" /><testcase classname="test_mainclass.Test_mainclass" name="test_header" time="2.876" /><testcase classname="test_mainclass.Test_mainclass" name="test_homepage" time="0.158" /><testcase classname="test_mainclass.Test_mainclass" name="test_ProductBuy" time="78.604" /><testcase classname="test_mainclass.Test_mainclass" name="test_cart" time="6.084" /><testcase classname="test_mainclass.Test_mainclass" name="test_cartpage" time="31.292" /><testcase classname="test_mainclass.Test_mainclass" name="test_FormVerification[Dataset0]" time="9.606" /><testcase classname="test_mainclass.Test_mainclass" name="test_Confirmation" time="3.963" /></testsuite></testsuites>